20/04/24 20:32:19 - DEBUG - urllib3.connectionpool - [_new_conn]: Starting new HTTPS connection (1): raw.githubusercontent.com:443
20/04/24 20:32:19 - DEBUG - urllib3.connectionpool - [_make_request]: https://raw.githubusercontent.com:443 "GET /rdavydov/Twitch-Channel-Points-Miner-v2/master/TwitchChannelPointsMiner/__init__.py HTTP/1.1" 200 125
20/04/24 20:32:19 - INFO - TwitchChannelPointsMiner.TwitchChannelPointsMiner - [__init__]: Twitch Channel Points Miner v2-1.9.1 (fork by rdavydov)
20/04/24 20:32:19 - INFO - TwitchChannelPointsMiner.TwitchChannelPointsMiner - [__init__]: https://github.com/rdavydov/Twitch-Channel-Points-Miner-v2
20/04/24 20:32:19 - INFO - TwitchChannelPointsMiner.TwitchChannelPointsMiner - [__init__]: You are running version 1.9.1 of this script
20/04/24 20:32:19 - INFO - TwitchChannelPointsMiner.TwitchChannelPointsMiner - [__init__]: The latest version on GitHub is 1.9.5
20/04/24 20:32:19 - INFO - TwitchChannelPointsMiner.TwitchChannelPointsMiner - [run]: Start session: '6a6af6c3-20f3-4d72-a246-41c8bfc2cdf0'
20/04/24 20:32:19 - INFO - TwitchChannelPointsMiner.classes.TwitchLogin - [login_flow]: You'll have to login to Twitch!
20/04/24 20:32:19 - INFO - TwitchChannelPointsMiner.classes.TwitchLogin - [login_flow]: Trying the TV login method..
20/04/24 20:32:19 - DEBUG - urllib3.connectionpool - [_new_conn]: Starting new HTTPS connection (1): id.twitch.tv:443
20/04/24 20:32:21 - DEBUG - urllib3.connectionpool - [_make_request]: https://id.twitch.tv:443 "POST /oauth2/device HTTP/1.1" 200 164
20/04/24 20:32:21 - INFO - TwitchChannelPointsMiner.classes.TwitchLogin - [login_flow]: Open https://www.twitch.tv/activate
20/04/24 20:32:21 - INFO - TwitchChannelPointsMiner.classes.TwitchLogin - [login_flow]: and enter this code: RNFKDNTV
20/04/24 20:32:21 - INFO - TwitchChannelPointsMiner.classes.TwitchLogin - [login_flow]: Hurry up! It will expire in 30 minutes!
20/04/24 20:32:26 - DEBUG - urllib3.connectionpool - [_make_request]: https://id.twitch.tv:443 "POST /oauth2/token HTTP/1.1" 400 49
20/04/24 20:32:31 - DEBUG - urllib3.connectionpool - [_make_request]: https://id.twitch.tv:443 "POST /oauth2/token HTTP/1.1" 400 49
20/04/24 20:32:36 - DEBUG - urllib3.connectionpool - [_make_request]: https://id.twitch.tv:443 "POST /oauth2/token HTTP/1.1" 400 49
20/04/24 20:32:42 - DEBUG - urllib3.connectionpool - [_make_request]: https://id.twitch.tv:443 "POST /oauth2/token HTTP/1.1" 200 248
20/04/24 20:32:42 - DEBUG - urllib3.connectionpool - [_new_conn]: Starting new HTTPS connection (1): gql.twitch.tv:443
20/04/24 20:32:42 - DEBUG - urllib3.connectionpool - [_make_request]: https://gql.twitch.tv:443 "POST /gql HTTP/1.1" 200 205
20/04/24 20:32:42 - INFO - TwitchChannelPointsMiner.classes.TwitchLogin - [save_cookies]: Saving cookies to your computer..
20/04/24 20:32:42 - INFO - TwitchChannelPointsMiner.TwitchChannelPointsMiner - [run]: Loading data for 7 streamers. Please wait...
20/04/24 20:32:43 - DEBUG - urllib3.connectionpool - [_new_conn]: Starting new HTTPS connection (1): www.twitch.tv:443
20/04/24 20:32:43 - DEBUG - urllib3.connectionpool - [_make_request]: https://www.twitch.tv:443 "GET / HTTP/1.1" 200 None
20/04/24 20:32:44 - DEBUG - TwitchChannelPointsMiner.classes.Twitch - [update_client_version]: Error with update_client_version: no match
20/04/24 20:32:44 - DEBUG - urllib3.connectionpool - [_new_conn]: Starting new HTTPS connection (1): gql.twitch.tv:443
20/04/24 20:32:44 - DEBUG - urllib3.connectionpool - [_make_request]: https://gql.twitch.tv:443 "POST /gql HTTP/1.1" 200 205
20/04/24 20:32:44 - DEBUG - TwitchChannelPointsMiner.classes.Twitch - [post_gql_request]: Data: {'operationName': 'ReportMenuItem', 'extensions': {'persistedQuery': {'version': 1, 'sha256Hash': '8f3628981255345ca5e5453dfd844efffb01d6413a9931498836e6268692a30c'}}, 'variables': {'channelLogin': 'pimpcs'}}, Status code: 200, Content: {"data":{"requestInfo":{"countryCode":"TR","__typename":"RequestInfo"},"user":{"id":"37799181","stream":null,"__typename":"User"}},"extensions":{"durationMilliseconds":44,"operationName":"ReportMenuItem","requestID":"01HVY92KTS4BE55K9P8M3Y5NZK"}}
20/04/24 20:32:45 - DEBUG - urllib3.connectionpool - [_new_conn]: Starting new HTTPS connection (1): www.twitch.tv:443
20/04/24 20:32:45 - DEBUG - urllib3.connectionpool - [_make_request]: https://www.twitch.tv:443 "GET / HTTP/1.1" 200 None
20/04/24 20:32:45 - DEBUG - TwitchChannelPointsMiner.classes.Twitch - [update_client_version]: Error with update_client_version: no match
20/04/24 20:32:45 - DEBUG - urllib3.connectionpool - [_new_conn]: Starting new HTTPS connection (1): gql.twitch.tv:443
20/04/24 20:32:46 - DEBUG - urllib3.connectionpool - [_make_request]: https://gql.twitch.tv:443 "POST /gql HTTP/1.1" 200 205
20/04/24 20:32:46 - DEBUG - TwitchChannelPointsMiner.classes.Twitch - [post_gql_request]: Data: {'operationName': 'ReportMenuItem', 'extensions': {'persistedQuery': {'version': 1, 'sha256Hash': '8f3628981255345ca5e5453dfd844efffb01d6413a9931498836e6268692a30c'}}, 'variables': {'channelLogin': 'lobanjicaa'}}, Status code: 200, Content: {"data":{"requestInfo":{"countryCode":"TR","__typename":"RequestInfo"},"user":{"id":"126902046","stream":null,"__typename":"User"}},"extensions":{"durationMilliseconds":40,"operationName":"ReportMenuItem","requestID":"01HVY92NP2R4HTVDCFAG1XX56F"}}
20/04/24 20:32:47 - DEBUG - urllib3.connectionpool - [_new_conn]: Starting new HTTPS connection (1): www.twitch.tv:443
20/04/24 20:32:47 - DEBUG - urllib3.connectionpool - [_make_request]: https://www.twitch.tv:443 "GET / HTTP/1.1" 200 None
20/04/24 20:32:47 - DEBUG - TwitchChannelPointsMiner.classes.Twitch - [update_client_version]: Error with update_client_version: no match
20/04/24 20:32:47 - DEBUG - urllib3.connectionpool - [_new_conn]: Starting new HTTPS connection (1): gql.twitch.tv:443
20/04/24 20:32:48 - DEBUG - urllib3.connectionpool - [_make_request]: https://gql.twitch.tv:443 "POST /gql HTTP/1.1" 200 205
20/04/24 20:32:48 - DEBUG - TwitchChannelPointsMiner.classes.Twitch - [post_gql_request]: Data: {'operationName': 'ReportMenuItem', 'extensions': {'persistedQuery': {'version': 1, 'sha256Hash': '8f3628981255345ca5e5453dfd844efffb01d6413a9931498836e6268692a30c'}}, 'variables': {'channelLogin': 'olofmeister'}}, Status code: 200, Content: {"data":{"requestInfo":{"countryCode":"TR","__typename":"RequestInfo"},"user":{"id":"46717011","stream":null,"__typename":"User"}},"extensions":{"durationMilliseconds":40,"operationName":"ReportMenuItem","requestID":"01HVY92QC8AHQ4PE93QPKJBV2J"}}
20/04/24 20:32:49 - DEBUG - urllib3.connectionpool - [_new_conn]: Starting new HTTPS connection (1): www.twitch.tv:443
20/04/24 20:32:49 - DEBUG - urllib3.connectionpool - [_make_request]: https://www.twitch.tv:443 "GET / HTTP/1.1" 200 None
20/04/24 20:32:49 - DEBUG - TwitchChannelPointsMiner.classes.Twitch - [update_client_version]: Error with update_client_version: no match
20/04/24 20:32:49 - DEBUG - urllib3.connectionpool - [_new_conn]: Starting new HTTPS connection (1): gql.twitch.tv:443
20/04/24 20:32:50 - DEBUG - urllib3.connectionpool - [_make_request]: https://gql.twitch.tv:443 "POST /gql HTTP/1.1" 200 205
20/04/24 20:32:50 - DEBUG - TwitchChannelPointsMiner.classes.Twitch - [post_gql_request]: Data: {'operationName': 'ReportMenuItem', 'extensions': {'persistedQuery': {'version': 1, 'sha256Hash': '8f3628981255345ca5e5453dfd844efffb01d6413a9931498836e6268692a30c'}}, 'variables': {'channelLogin': 'get_right'}}, Status code: 200, Content: {"data":{"requestInfo":{"countryCode":"TR","__typename":"RequestInfo"},"user":{"id":"38024128","stream":null,"__typename":"User"}},"extensions":{"durationMilliseconds":40,"operationName":"ReportMenuItem","requestID":"01HVY92SFWHVQSB6S0XXYAKMWM"}}
20/04/24 20:32:51 - DEBUG - urllib3.connectionpool - [_new_conn]: Starting new HTTPS connection (1): www.twitch.tv:443
20/04/24 20:32:51 - DEBUG - urllib3.connectionpool - [_make_request]: https://www.twitch.tv:443 "GET / HTTP/1.1" 200 None
20/04/24 20:32:51 - DEBUG - TwitchChannelPointsMiner.classes.Twitch - [update_client_version]: Error with update_client_version: no match
20/04/24 20:32:51 - DEBUG - urllib3.connectionpool - [_new_conn]: Starting new HTTPS connection (1): gql.twitch.tv:443
20/04/24 20:32:52 - DEBUG - urllib3.connectionpool - [_make_request]: https://gql.twitch.tv:443 "POST /gql HTTP/1.1" 200 199
20/04/24 20:32:52 - DEBUG - TwitchChannelPointsMiner.classes.Twitch - [post_gql_request]: Data: {'operationName': 'ReportMenuItem', 'extensions': {'persistedQuery': {'version': 1, 'sha256Hash': '8f3628981255345ca5e5453dfd844efffb01d6413a9931498836e6268692a30c'}}, 'variables': {'channelLogin': 'haixxd'}}, Status code: 200, Content: {"data":{"requestInfo":{"countryCode":"TR","__typename":"RequestInfo"},"user":null},"extensions":{"durationMilliseconds":22,"operationName":"ReportMenuItem","requestID":"01HVY92VF73M1PS4ZY6WP63DKW"}}
20/04/24 20:32:52 - INFO - TwitchChannelPointsMiner.TwitchChannelPointsMiner - [run]: Streamer haixxd does not exist
20/04/24 20:32:53 - DEBUG - urllib3.connectionpool - [_new_conn]: Starting new HTTPS connection (1): www.twitch.tv:443
20/04/24 20:32:53 - DEBUG - urllib3.connectionpool - [_make_request]: https://www.twitch.tv:443 "GET / HTTP/1.1" 200 None
20/04/24 20:32:53 - DEBUG - TwitchChannelPointsMiner.classes.Twitch - [update_client_version]: Error with update_client_version: no match
20/04/24 20:32:53 - DEBUG - urllib3.connectionpool - [_new_conn]: Starting new HTTPS connection (1): gql.twitch.tv:443
